{"D:\\Users\\Wits\\Desktop\\SDProject\\SDProject\\app.js": {"path":"D:\\Users\\Wits\\Desktop\\SDProject\\SDProject\\app.js","statementMap":{"0":{"start":{"line":1,"column":17},"end":{"line":1,"column":39}},"1":{"start":{"line":2,"column":15},"end":{"line":2,"column":33}},"2":{"start":{"line":3,"column":11},"end":{"line":3,"column":20}},"3":{"start":{"line":4,"column":12},"end":{"line":4,"column":34}},"4":{"start":{"line":5,"column":11},"end":{"line":5,"column":40}},"5":{"start":{"line":6,"column":21},"end":{"line":6,"column":60}},"6":{"start":{"line":7,"column":0},"end":{"line":7,"column":12}},"7":{"start":{"line":8,"column":13},"end":{"line":8,"column":28}},"8":{"start":{"line":9,"column":23},"end":{"line":9,"column":45}},"9":{"start":{"line":10,"column":14},"end":{"line":10,"column":33}},"10":{"start":{"line":11,"column":12},"end":{"line":11,"column":27}},"11":{"start":{"line":12,"column":0},"end":{"line":12,"column":24}},"12":{"start":{"line":14,"column":20},"end":{"line":17,"column":1}},"13":{"start":{"line":19,"column":0},"end":{"line":22,"column":1}},"14":{"start":{"line":20,"column":2},"end":{"line":20,"column":29}},"15":{"start":{"line":21,"column":2},"end":{"line":21,"column":38}},"16":{"start":{"line":25,"column":17},"end":{"line":35,"column":4}},"17":{"start":{"line":37,"column":2},"end":{"line":39,"column":3}},"18":{"start":{"line":38,"column":4},"end":{"line":38,"column":22}},"19":{"start":{"line":41,"column":0},"end":{"line":48,"column":3}},"20":{"start":{"line":42,"column":23},"end":{"line":42,"column":31}},"21":{"start":{"line":43,"column":17},"end":{"line":43,"column":47}},"22":{"start":{"line":44,"column":4},"end":{"line":46,"column":5}},"23":{"start":{"line":45,"column":8},"end":{"line":45,"column":54}},"24":{"start":{"line":47,"column":4},"end":{"line":47,"column":33}},"25":{"start":{"line":50,"column":0},"end":{"line":66,"column":3}},"26":{"start":{"line":51,"column":38},"end":{"line":51,"column":46}},"27":{"start":{"line":53,"column":4},"end":{"line":65,"column":5}},"28":{"start":{"line":55,"column":29},"end":{"line":55,"column":59}},"29":{"start":{"line":56,"column":8},"end":{"line":58,"column":9}},"30":{"start":{"line":57,"column":12},"end":{"line":57,"column":76}},"31":{"start":{"line":61,"column":8},"end":{"line":61,"column":42}},"32":{"start":{"line":62,"column":8},"end":{"line":62,"column":69}},"33":{"start":{"line":64,"column":8},"end":{"line":64,"column":85}},"34":{"start":{"line":67,"column":0},"end":{"line":79,"column":5}},"35":{"start":{"line":68,"column":33},"end":{"line":68,"column":41}},"36":{"start":{"line":69,"column":4},"end":{"line":78,"column":5}},"37":{"start":{"line":70,"column":39},"end":{"line":70,"column":79}},"38":{"start":{"line":71,"column":8},"end":{"line":73,"column":9}},"39":{"start":{"line":72,"column":12},"end":{"line":72,"column":79}},"40":{"start":{"line":74,"column":8},"end":{"line":74,"column":52}},"41":{"start":{"line":75,"column":6},"end":{"line":75,"column":71}},"42":{"start":{"line":77,"column":6},"end":{"line":77,"column":90}},"43":{"start":{"line":80,"column":2},"end":{"line":108,"column":5}},"44":{"start":{"line":81,"column":25},"end":{"line":81,"column":33}},"45":{"start":{"line":82,"column":23},"end":{"line":82,"column":33}},"46":{"start":{"line":83,"column":4},"end":{"line":107,"column":5}},"47":{"start":{"line":85,"column":22},"end":{"line":85,"column":70}},"48":{"start":{"line":87,"column":6},"end":{"line":89,"column":7}},"49":{"start":{"line":88,"column":8},"end":{"line":88,"column":84}},"50":{"start":{"line":91,"column":6},"end":{"line":104,"column":7}},"51":{"start":{"line":93,"column":28},"end":{"line":93,"column":102}},"52":{"start":{"line":95,"column":8},"end":{"line":97,"column":9}},"53":{"start":{"line":96,"column":10},"end":{"line":96,"column":70}},"54":{"start":{"line":98,"column":8},"end":{"line":98,"column":103}},"55":{"start":{"line":99,"column":13},"end":{"line":104,"column":7}},"56":{"start":{"line":101,"column":8},"end":{"line":101,"column":81}},"57":{"start":{"line":103,"column":8},"end":{"line":103,"column":93}},"58":{"start":{"line":106,"column":6},"end":{"line":106,"column":101}},"59":{"start":{"line":109,"column":2},"end":{"line":116,"column":5}},"60":{"start":{"line":110,"column":4},"end":{"line":115,"column":5}},"61":{"start":{"line":111,"column":23},"end":{"line":111,"column":52}},"62":{"start":{"line":112,"column":6},"end":{"line":112,"column":37}},"63":{"start":{"line":114,"column":6},"end":{"line":114,"column":90}},"64":{"start":{"line":118,"column":2},"end":{"line":123,"column":1}},"65":{"start":{"line":119,"column":17},"end":{"line":119,"column":41}},"66":{"start":{"line":120,"column":4},"end":{"line":122,"column":7}},"67":{"start":{"line":121,"column":8},"end":{"line":121,"column":49}},"68":{"start":{"line":125,"column":0},"end":{"line":125,"column":19}}},"fnMap":{"0":{"name":"(anonymous_0)","decl":{"start":{"line":41,"column":18},"end":{"line":41,"column":19}},"loc":{"start":{"line":41,"column":38},"end":{"line":48,"column":1}},"line":41},"1":{"name":"(anonymous_1)","decl":{"start":{"line":50,"column":20},"end":{"line":50,"column":21}},"loc":{"start":{"line":50,"column":40},"end":{"line":66,"column":1}},"line":50},"2":{"name":"(anonymous_2)","decl":{"start":{"line":67,"column":28},"end":{"line":67,"column":29}},"loc":{"start":{"line":67,"column":48},"end":{"line":79,"column":3}},"line":67},"3":{"name":"(anonymous_3)","decl":{"start":{"line":80,"column":39},"end":{"line":80,"column":40}},"loc":{"start":{"line":80,"column":59},"end":{"line":108,"column":3}},"line":80},"4":{"name":"(anonymous_4)","decl":{"start":{"line":109,"column":34},"end":{"line":109,"column":35}},"loc":{"start":{"line":109,"column":54},"end":{"line":116,"column":3}},"line":109},"5":{"name":"(anonymous_5)","decl":{"start":{"line":120,"column":21},"end":{"line":120,"column":22}},"loc":{"start":{"line":120,"column":27},"end":{"line":122,"column":5}},"line":120}},"branchMap":{"0":{"loc":{"start":{"line":4,"column":12},"end":{"line":4,"column":34}},"type":"binary-expr","locations":[{"start":{"line":4,"column":12},"end":{"line":4,"column":28}},{"start":{"line":4,"column":30},"end":{"line":4,"column":34}}],"line":4},"1":{"loc":{"start":{"line":19,"column":0},"end":{"line":22,"column":1}},"type":"if","locations":[{"start":{"line":19,"column":0},"end":{"line":22,"column":1}},{"start":{},"end":{}}],"line":19},"2":{"loc":{"start":{"line":37,"column":2},"end":{"line":39,"column":3}},"type":"if","locations":[{"start":{"line":37,"column":2},"end":{"line":39,"column":3}},{"start":{},"end":{}}],"line":37},"3":{"loc":{"start":{"line":44,"column":4},"end":{"line":46,"column":5}},"type":"if","locations":[{"start":{"line":44,"column":4},"end":{"line":46,"column":5}},{"start":{},"end":{}}],"line":44},"4":{"loc":{"start":{"line":56,"column":8},"end":{"line":58,"column":9}},"type":"if","locations":[{"start":{"line":56,"column":8},"end":{"line":58,"column":9}},{"start":{},"end":{}}],"line":56},"5":{"loc":{"start":{"line":71,"column":8},"end":{"line":73,"column":9}},"type":"if","locations":[{"start":{"line":71,"column":8},"end":{"line":73,"column":9}},{"start":{},"end":{}}],"line":71},"6":{"loc":{"start":{"line":87,"column":6},"end":{"line":89,"column":7}},"type":"if","locations":[{"start":{"line":87,"column":6},"end":{"line":89,"column":7}},{"start":{},"end":{}}],"line":87},"7":{"loc":{"start":{"line":91,"column":6},"end":{"line":104,"column":7}},"type":"if","locations":[{"start":{"line":91,"column":6},"end":{"line":104,"column":7}},{"start":{"line":99,"column":13},"end":{"line":104,"column":7}}],"line":91},"8":{"loc":{"start":{"line":95,"column":8},"end":{"line":97,"column":9}},"type":"if","locations":[{"start":{"line":95,"column":8},"end":{"line":97,"column":9}},{"start":{},"end":{}}],"line":95},"9":{"loc":{"start":{"line":99,"column":13},"end":{"line":104,"column":7}},"type":"if","locations":[{"start":{"line":99,"column":13},"end":{"line":104,"column":7}},{"start":{"line":102,"column":13},"end":{"line":104,"column":7}}],"line":99},"10":{"loc":{"start":{"line":118,"column":2},"end":{"line":123,"column":1}},"type":"if","locations":[{"start":{"line":118,"column":2},"end":{"line":123,"column":1}},{"start":{},"end":{}}],"line":118},"11":{"loc":{"start":{"line":119,"column":17},"end":{"line":119,"column":41}},"type":"binary-expr","locations":[{"start":{"line":119,"column":17},"end":{"line":119,"column":33}},{"start":{"line":119,"column":37},"end":{"line":119,"column":41}}],"line":119}},"s":{"0":3,"1":3,"2":3,"3":3,"4":3,"5":3,"6":3,"7":3,"8":3,"9":3,"10":3,"11":3,"12":3,"13":3,"14":0,"15":0,"16":3,"17":3,"18":0,"19":3,"20":2,"21":2,"22":2,"23":1,"24":1,"25":3,"26":3,"27":3,"28":3,"29":3,"30":1,"31":2,"32":1,"33":1,"34":3,"35":0,"36":0,"37":0,"38":0,"39":0,"40":0,"41":0,"42":0,"43":3,"44":4,"45":4,"46":4,"47":4,"48":4,"49":1,"50":3,"51":1,"52":1,"53":0,"54":1,"55":2,"56":1,"57":1,"58":0,"59":3,"60":0,"61":0,"62":0,"63":0,"64":3,"65":0,"66":0,"67":0,"68":3},"f":{"0":2,"1":3,"2":0,"3":4,"4":0,"5":0},"b":{"0":[3,3],"1":[0,3],"2":[0,3],"3":[1,1],"4":[1,2],"5":[0,0],"6":[1,3],"7":[1,2],"8":[0,1],"9":[1,1],"10":[0,3],"11":[0,0]},"_coverageSchema":"1a1c01bbd47fc00a2c39e90264f33305004495a9","hash":"d7b471e69304549fe479e379d019881b9916db1a"}
,"D:\\Users\\Wits\\Desktop\\SDProject\\SDProject\\config\\db.js": {"path":"D:\\Users\\Wits\\Desktop\\SDProject\\SDProject\\config\\db.js","statementMap":{"0":{"start":{"line":1,"column":15},"end":{"line":1,"column":34}},"1":{"start":{"line":2,"column":17},"end":{"line":10,"column":1}},"2":{"start":{"line":3,"column":4},"end":{"line":9,"column":5}},"3":{"start":{"line":4,"column":8},"end":{"line":4,"column":42}},"4":{"start":{"line":5,"column":20},"end":{"line":5,"column":121}},"5":{"start":{"line":6,"column":8},"end":{"line":6,"column":66}},"6":{"start":{"line":8,"column":8},"end":{"line":8,"column":26}},"7":{"start":{"line":11,"column":0},"end":{"line":11,"column":25}}},"fnMap":{"0":{"name":"(anonymous_0)","decl":{"start":{"line":2,"column":17},"end":{"line":2,"column":18}},"loc":{"start":{"line":2,"column":26},"end":{"line":10,"column":1}},"line":2}},"branchMap":{},"s":{"0":3,"1":3,"2":3,"3":3,"4":3,"5":0,"6":0,"7":3},"f":{"0":3},"b":{},"_coverageSchema":"1a1c01bbd47fc00a2c39e90264f33305004495a9","hash":"503d6fba21be7d4f8b7c94463348064cc9c392dc"}
,"D:\\Users\\Wits\\Desktop\\SDProject\\SDProject\\models\\managerRequestModel.js": {"path":"D:\\Users\\Wits\\Desktop\\SDProject\\SDProject\\models\\managerRequestModel.js","statementMap":{"0":{"start":{"line":1,"column":17},"end":{"line":1,"column":36}},"1":{"start":{"line":4,"column":29},"end":{"line":15,"column":2}},"2":{"start":{"line":18,"column":23},"end":{"line":18,"column":77}},"3":{"start":{"line":20,"column":0},"end":{"line":20,"column":32}}},"fnMap":{},"branchMap":{},"s":{"0":2,"1":2,"2":2,"3":2},"f":{},"b":{},"_coverageSchema":"1a1c01bbd47fc00a2c39e90264f33305004495a9","hash":"7400dd1c33392479945a16d5e83ff4d5d24245ce"}
}
