{"D:\\Users\\Wits\\Desktop\\FinalTesting\\Backend\\SDProject\\app.js": {"path":"D:\\Users\\Wits\\Desktop\\FinalTesting\\Backend\\SDProject\\app.js","statementMap":{"0":{"start":{"line":1,"column":17},"end":{"line":1,"column":39}},"1":{"start":{"line":2,"column":15},"end":{"line":2,"column":33}},"2":{"start":{"line":3,"column":11},"end":{"line":3,"column":20}},"3":{"start":{"line":4,"column":12},"end":{"line":4,"column":34}},"4":{"start":{"line":5,"column":11},"end":{"line":5,"column":40}},"5":{"start":{"line":6,"column":12},"end":{"line":6,"column":37}},"6":{"start":{"line":7,"column":23},"end":{"line":7,"column":59}},"7":{"start":{"line":8,"column":21},"end":{"line":8,"column":60}},"8":{"start":{"line":9,"column":10},"end":{"line":9,"column":38}},"9":{"start":{"line":10,"column":13},"end":{"line":10,"column":30}},"10":{"start":{"line":11,"column":19},"end":{"line":11,"column":40}},"11":{"start":{"line":12,"column":0},"end":{"line":12,"column":12}},"12":{"start":{"line":13,"column":13},"end":{"line":13,"column":28}},"13":{"start":{"line":14,"column":23},"end":{"line":14,"column":45}},"14":{"start":{"line":15,"column":14},"end":{"line":15,"column":33}},"15":{"start":{"line":16,"column":12},"end":{"line":16,"column":27}},"16":{"start":{"line":17,"column":0},"end":{"line":17,"column":24}},"17":{"start":{"line":19,"column":20},"end":{"line":22,"column":1}},"18":{"start":{"line":24,"column":0},"end":{"line":27,"column":1}},"19":{"start":{"line":25,"column":2},"end":{"line":25,"column":29}},"20":{"start":{"line":26,"column":2},"end":{"line":26,"column":38}},"21":{"start":{"line":28,"column":17},"end":{"line":38,"column":4}},"22":{"start":{"line":40,"column":2},"end":{"line":42,"column":3}},"23":{"start":{"line":41,"column":4},"end":{"line":41,"column":22}},"24":{"start":{"line":44,"column":0},"end":{"line":51,"column":3}},"25":{"start":{"line":45,"column":23},"end":{"line":45,"column":31}},"26":{"start":{"line":46,"column":17},"end":{"line":46,"column":47}},"27":{"start":{"line":47,"column":4},"end":{"line":49,"column":5}},"28":{"start":{"line":48,"column":8},"end":{"line":48,"column":54}},"29":{"start":{"line":50,"column":4},"end":{"line":50,"column":33}},"30":{"start":{"line":53,"column":0},"end":{"line":69,"column":3}},"31":{"start":{"line":54,"column":38},"end":{"line":54,"column":46}},"32":{"start":{"line":56,"column":4},"end":{"line":68,"column":5}},"33":{"start":{"line":58,"column":29},"end":{"line":58,"column":59}},"34":{"start":{"line":59,"column":8},"end":{"line":61,"column":9}},"35":{"start":{"line":60,"column":12},"end":{"line":60,"column":76}},"36":{"start":{"line":64,"column":8},"end":{"line":64,"column":42}},"37":{"start":{"line":65,"column":8},"end":{"line":65,"column":69}},"38":{"start":{"line":67,"column":8},"end":{"line":67,"column":85}},"39":{"start":{"line":70,"column":0},"end":{"line":82,"column":5}},"40":{"start":{"line":71,"column":33},"end":{"line":71,"column":41}},"41":{"start":{"line":72,"column":4},"end":{"line":81,"column":5}},"42":{"start":{"line":73,"column":39},"end":{"line":73,"column":79}},"43":{"start":{"line":74,"column":8},"end":{"line":76,"column":9}},"44":{"start":{"line":75,"column":12},"end":{"line":75,"column":79}},"45":{"start":{"line":77,"column":8},"end":{"line":77,"column":52}},"46":{"start":{"line":78,"column":6},"end":{"line":78,"column":71}},"47":{"start":{"line":80,"column":6},"end":{"line":80,"column":90}},"48":{"start":{"line":83,"column":2},"end":{"line":100,"column":5}},"49":{"start":{"line":84,"column":64},"end":{"line":84,"column":72}},"50":{"start":{"line":86,"column":4},"end":{"line":88,"column":5}},"51":{"start":{"line":87,"column":6},"end":{"line":87,"column":74}},"52":{"start":{"line":90,"column":4},"end":{"line":99,"column":5}},"53":{"start":{"line":91,"column":29},"end":{"line":91,"column":60}},"54":{"start":{"line":92,"column":8},"end":{"line":94,"column":9}},"55":{"start":{"line":93,"column":12},"end":{"line":93,"column":91}},"56":{"start":{"line":95,"column":8},"end":{"line":95,"column":43}},"57":{"start":{"line":96,"column":6},"end":{"line":96,"column":71}},"58":{"start":{"line":98,"column":6},"end":{"line":98,"column":90}},"59":{"start":{"line":101,"column":2},"end":{"line":118,"column":5}},"60":{"start":{"line":102,"column":74},"end":{"line":102,"column":82}},"61":{"start":{"line":104,"column":4},"end":{"line":106,"column":5}},"62":{"start":{"line":105,"column":6},"end":{"line":105,"column":74}},"63":{"start":{"line":108,"column":4},"end":{"line":117,"column":5}},"64":{"start":{"line":109,"column":40},"end":{"line":109,"column":89}},"65":{"start":{"line":110,"column":8},"end":{"line":112,"column":9}},"66":{"start":{"line":111,"column":12},"end":{"line":111,"column":89}},"67":{"start":{"line":113,"column":8},"end":{"line":113,"column":54}},"68":{"start":{"line":114,"column":6},"end":{"line":114,"column":71}},"69":{"start":{"line":116,"column":6},"end":{"line":116,"column":90}},"70":{"start":{"line":119,"column":2},"end":{"line":153,"column":5}},"71":{"start":{"line":120,"column":25},"end":{"line":120,"column":33}},"72":{"start":{"line":121,"column":23},"end":{"line":121,"column":33}},"73":{"start":{"line":122,"column":4},"end":{"line":152,"column":5}},"74":{"start":{"line":125,"column":6},"end":{"line":127,"column":7}},"75":{"start":{"line":126,"column":8},"end":{"line":126,"column":100}},"76":{"start":{"line":130,"column":22},"end":{"line":130,"column":70}},"77":{"start":{"line":132,"column":6},"end":{"line":134,"column":7}},"78":{"start":{"line":133,"column":8},"end":{"line":133,"column":84}},"79":{"start":{"line":136,"column":6},"end":{"line":149,"column":7}},"80":{"start":{"line":138,"column":28},"end":{"line":138,"column":102}},"81":{"start":{"line":140,"column":8},"end":{"line":142,"column":9}},"82":{"start":{"line":141,"column":10},"end":{"line":141,"column":70}},"83":{"start":{"line":143,"column":8},"end":{"line":143,"column":103}},"84":{"start":{"line":144,"column":13},"end":{"line":149,"column":7}},"85":{"start":{"line":146,"column":8},"end":{"line":146,"column":81}},"86":{"start":{"line":148,"column":8},"end":{"line":148,"column":93}},"87":{"start":{"line":151,"column":6},"end":{"line":151,"column":101}},"88":{"start":{"line":154,"column":2},"end":{"line":161,"column":5}},"89":{"start":{"line":155,"column":4},"end":{"line":160,"column":5}},"90":{"start":{"line":156,"column":23},"end":{"line":156,"column":52}},"91":{"start":{"line":157,"column":6},"end":{"line":157,"column":37}},"92":{"start":{"line":159,"column":6},"end":{"line":159,"column":90}},"93":{"start":{"line":162,"column":2},"end":{"line":169,"column":5}},"94":{"start":{"line":163,"column":4},"end":{"line":168,"column":5}},"95":{"start":{"line":164,"column":23},"end":{"line":164,"column":43}},"96":{"start":{"line":165,"column":6},"end":{"line":165,"column":37}},"97":{"start":{"line":167,"column":6},"end":{"line":167,"column":87}},"98":{"start":{"line":170,"column":2},"end":{"line":178,"column":5}},"99":{"start":{"line":171,"column":26},"end":{"line":171,"column":36}},"100":{"start":{"line":172,"column":4},"end":{"line":177,"column":5}},"101":{"start":{"line":173,"column":23},"end":{"line":173,"column":54}},"102":{"start":{"line":174,"column":6},"end":{"line":174,"column":37}},"103":{"start":{"line":176,"column":6},"end":{"line":176,"column":87}},"104":{"start":{"line":179,"column":2},"end":{"line":187,"column":5}},"105":{"start":{"line":180,"column":19},"end":{"line":180,"column":29}},"106":{"start":{"line":181,"column":4},"end":{"line":186,"column":5}},"107":{"start":{"line":182,"column":23},"end":{"line":182,"column":47}},"108":{"start":{"line":183,"column":6},"end":{"line":183,"column":37}},"109":{"start":{"line":185,"column":6},"end":{"line":185,"column":87}},"110":{"start":{"line":188,"column":2},"end":{"line":195,"column":5}},"111":{"start":{"line":189,"column":4},"end":{"line":194,"column":5}},"112":{"start":{"line":190,"column":23},"end":{"line":190,"column":42}},"113":{"start":{"line":191,"column":6},"end":{"line":191,"column":37}},"114":{"start":{"line":193,"column":6},"end":{"line":193,"column":90}},"115":{"start":{"line":196,"column":2},"end":{"line":205,"column":5}},"116":{"start":{"line":197,"column":23},"end":{"line":197,"column":33}},"117":{"start":{"line":198,"column":4},"end":{"line":204,"column":5}},"118":{"start":{"line":199,"column":24},"end":{"line":199,"column":52}},"119":{"start":{"line":200,"column":6},"end":{"line":200,"column":38}},"120":{"start":{"line":202,"column":6},"end":{"line":202,"column":57}},"121":{"start":{"line":203,"column":6},"end":{"line":203,"column":87}},"122":{"start":{"line":206,"column":2},"end":{"line":217,"column":5}},"123":{"start":{"line":207,"column":23},"end":{"line":207,"column":33}},"124":{"start":{"line":208,"column":4},"end":{"line":216,"column":5}},"125":{"start":{"line":209,"column":28},"end":{"line":209,"column":102}},"126":{"start":{"line":210,"column":8},"end":{"line":212,"column":9}},"127":{"start":{"line":211,"column":10},"end":{"line":211,"column":70}},"128":{"start":{"line":213,"column":8},"end":{"line":213,"column":66}},"129":{"start":{"line":215,"column":6},"end":{"line":215,"column":101}},"130":{"start":{"line":218,"column":2},"end":{"line":271,"column":5}},"131":{"start":{"line":219,"column":35},"end":{"line":219,"column":43}},"132":{"start":{"line":220,"column":23},"end":{"line":220,"column":33}},"133":{"start":{"line":222,"column":4},"end":{"line":270,"column":5}},"134":{"start":{"line":224,"column":19},"end":{"line":224,"column":49}},"135":{"start":{"line":226,"column":6},"end":{"line":228,"column":7}},"136":{"start":{"line":227,"column":8},"end":{"line":227,"column":68}},"137":{"start":{"line":231,"column":33},"end":{"line":235,"column":7}},"138":{"start":{"line":237,"column":6},"end":{"line":239,"column":7}},"139":{"start":{"line":238,"column":8},"end":{"line":238,"column":80}},"140":{"start":{"line":240,"column":24},"end":{"line":246,"column":7}},"141":{"start":{"line":247,"column":24},"end":{"line":247,"column":62}},"142":{"start":{"line":250,"column":22},"end":{"line":255,"column":7}},"143":{"start":{"line":258,"column":6},"end":{"line":264,"column":9}},"144":{"start":{"line":259,"column":8},"end":{"line":262,"column":9}},"145":{"start":{"line":260,"column":10},"end":{"line":260,"column":55}},"146":{"start":{"line":261,"column":10},"end":{"line":261,"column":97}},"147":{"start":{"line":263,"column":8},"end":{"line":263,"column":50}},"148":{"start":{"line":266,"column":6},"end":{"line":266,"column":82}},"149":{"start":{"line":268,"column":6},"end":{"line":268,"column":67}},"150":{"start":{"line":269,"column":6},"end":{"line":269,"column":101}},"151":{"start":{"line":274,"column":16},"end":{"line":274,"column":38}},"152":{"start":{"line":275,"column":15},"end":{"line":275,"column":43}},"153":{"start":{"line":278,"column":0},"end":{"line":310,"column":3}},"154":{"start":{"line":279,"column":4},"end":{"line":309,"column":5}},"155":{"start":{"line":280,"column":80},"end":{"line":280,"column":88}},"156":{"start":{"line":281,"column":28},"end":{"line":281,"column":64}},"157":{"start":{"line":282,"column":8},"end":{"line":284,"column":9}},"158":{"start":{"line":283,"column":12},"end":{"line":283,"column":75}},"159":{"start":{"line":286,"column":8},"end":{"line":288,"column":9}},"160":{"start":{"line":287,"column":12},"end":{"line":287,"column":73}},"161":{"start":{"line":291,"column":23},"end":{"line":301,"column":10}},"162":{"start":{"line":304,"column":8},"end":{"line":304,"column":28}},"163":{"start":{"line":306,"column":8},"end":{"line":306,"column":71}},"164":{"start":{"line":308,"column":8},"end":{"line":308,"column":88}},"165":{"start":{"line":311,"column":0},"end":{"line":341,"column":3}},"166":{"start":{"line":312,"column":23},"end":{"line":312,"column":31}},"167":{"start":{"line":314,"column":2},"end":{"line":340,"column":3}},"168":{"start":{"line":315,"column":4},"end":{"line":317,"column":5}},"169":{"start":{"line":316,"column":6},"end":{"line":316,"column":73}},"170":{"start":{"line":320,"column":17},"end":{"line":320,"column":50}},"171":{"start":{"line":322,"column":4},"end":{"line":324,"column":5}},"172":{"start":{"line":323,"column":6},"end":{"line":323,"column":66}},"173":{"start":{"line":327,"column":29},"end":{"line":327,"column":73}},"174":{"start":{"line":330,"column":24},"end":{"line":334,"column":5}},"175":{"start":{"line":336,"column":4},"end":{"line":336,"column":82}},"176":{"start":{"line":338,"column":4},"end":{"line":338,"column":56}},"177":{"start":{"line":339,"column":4},"end":{"line":339,"column":92}},"178":{"start":{"line":343,"column":0},"end":{"line":347,"column":1}},"179":{"start":{"line":344,"column":2},"end":{"line":346,"column":5}},"180":{"start":{"line":345,"column":6},"end":{"line":345,"column":52}},"181":{"start":{"line":350,"column":0},"end":{"line":350,"column":21}}},"fnMap":{"0":{"name":"(anonymous_0)","decl":{"start":{"line":44,"column":18},"end":{"line":44,"column":19}},"loc":{"start":{"line":44,"column":38},"end":{"line":51,"column":1}},"line":44},"1":{"name":"(anonymous_1)","decl":{"start":{"line":53,"column":20},"end":{"line":53,"column":21}},"loc":{"start":{"line":53,"column":40},"end":{"line":69,"column":1}},"line":53},"2":{"name":"(anonymous_2)","decl":{"start":{"line":70,"column":28},"end":{"line":70,"column":29}},"loc":{"start":{"line":70,"column":48},"end":{"line":82,"column":3}},"line":70},"3":{"name":"(anonymous_3)","decl":{"start":{"line":83,"column":23},"end":{"line":83,"column":24}},"loc":{"start":{"line":83,"column":43},"end":{"line":100,"column":3}},"line":83},"4":{"name":"(anonymous_4)","decl":{"start":{"line":101,"column":34},"end":{"line":101,"column":35}},"loc":{"start":{"line":101,"column":54},"end":{"line":118,"column":3}},"line":101},"5":{"name":"(anonymous_5)","decl":{"start":{"line":119,"column":39},"end":{"line":119,"column":40}},"loc":{"start":{"line":119,"column":59},"end":{"line":153,"column":3}},"line":119},"6":{"name":"(anonymous_6)","decl":{"start":{"line":154,"column":34},"end":{"line":154,"column":35}},"loc":{"start":{"line":154,"column":54},"end":{"line":161,"column":3}},"line":154},"7":{"name":"(anonymous_7)","decl":{"start":{"line":162,"column":27},"end":{"line":162,"column":28}},"loc":{"start":{"line":162,"column":47},"end":{"line":169,"column":3}},"line":162},"8":{"name":"(anonymous_8)","decl":{"start":{"line":170,"column":50},"end":{"line":170,"column":51}},"loc":{"start":{"line":170,"column":70},"end":{"line":178,"column":3}},"line":170},"9":{"name":"(anonymous_9)","decl":{"start":{"line":179,"column":37},"end":{"line":179,"column":38}},"loc":{"start":{"line":179,"column":57},"end":{"line":187,"column":3}},"line":179},"10":{"name":"(anonymous_10)","decl":{"start":{"line":188,"column":24},"end":{"line":188,"column":25}},"loc":{"start":{"line":188,"column":44},"end":{"line":195,"column":3}},"line":188},"11":{"name":"(anonymous_11)","decl":{"start":{"line":196,"column":34},"end":{"line":196,"column":35}},"loc":{"start":{"line":196,"column":54},"end":{"line":205,"column":3}},"line":196},"12":{"name":"(anonymous_12)","decl":{"start":{"line":206,"column":42},"end":{"line":206,"column":43}},"loc":{"start":{"line":206,"column":62},"end":{"line":217,"column":3}},"line":206},"13":{"name":"(anonymous_13)","decl":{"start":{"line":218,"column":47},"end":{"line":218,"column":48}},"loc":{"start":{"line":218,"column":67},"end":{"line":271,"column":3}},"line":218},"14":{"name":"(anonymous_14)","decl":{"start":{"line":258,"column":36},"end":{"line":258,"column":37}},"loc":{"start":{"line":258,"column":53},"end":{"line":264,"column":7}},"line":258},"15":{"name":"(anonymous_15)","decl":{"start":{"line":278,"column":45},"end":{"line":278,"column":46}},"loc":{"start":{"line":278,"column":65},"end":{"line":310,"column":1}},"line":278},"16":{"name":"(anonymous_16)","decl":{"start":{"line":311,"column":30},"end":{"line":311,"column":31}},"loc":{"start":{"line":311,"column":50},"end":{"line":341,"column":1}},"line":311},"17":{"name":"(anonymous_17)","decl":{"start":{"line":344,"column":19},"end":{"line":344,"column":20}},"loc":{"start":{"line":344,"column":25},"end":{"line":346,"column":3}},"line":344}},"branchMap":{"0":{"loc":{"start":{"line":4,"column":12},"end":{"line":4,"column":34}},"type":"binary-expr","locations":[{"start":{"line":4,"column":12},"end":{"line":4,"column":28}},{"start":{"line":4,"column":30},"end":{"line":4,"column":34}}],"line":4},"1":{"loc":{"start":{"line":24,"column":0},"end":{"line":27,"column":1}},"type":"if","locations":[{"start":{"line":24,"column":0},"end":{"line":27,"column":1}},{"start":{},"end":{}}],"line":24},"2":{"loc":{"start":{"line":40,"column":2},"end":{"line":42,"column":3}},"type":"if","locations":[{"start":{"line":40,"column":2},"end":{"line":42,"column":3}},{"start":{},"end":{}}],"line":40},"3":{"loc":{"start":{"line":47,"column":4},"end":{"line":49,"column":5}},"type":"if","locations":[{"start":{"line":47,"column":4},"end":{"line":49,"column":5}},{"start":{},"end":{}}],"line":47},"4":{"loc":{"start":{"line":59,"column":8},"end":{"line":61,"column":9}},"type":"if","locations":[{"start":{"line":59,"column":8},"end":{"line":61,"column":9}},{"start":{},"end":{}}],"line":59},"5":{"loc":{"start":{"line":74,"column":8},"end":{"line":76,"column":9}},"type":"if","locations":[{"start":{"line":74,"column":8},"end":{"line":76,"column":9}},{"start":{},"end":{}}],"line":74},"6":{"loc":{"start":{"line":86,"column":4},"end":{"line":88,"column":5}},"type":"if","locations":[{"start":{"line":86,"column":4},"end":{"line":88,"column":5}},{"start":{},"end":{}}],"line":86},"7":{"loc":{"start":{"line":86,"column":8},"end":{"line":86,"column":73}},"type":"binary-expr","locations":[{"start":{"line":86,"column":8},"end":{"line":86,"column":15}},{"start":{"line":86,"column":19},"end":{"line":86,"column":28}},{"start":{"line":86,"column":32},"end":{"line":86,"column":44}},{"start":{"line":86,"column":48},"end":{"line":86,"column":57}},{"start":{"line":86,"column":61},"end":{"line":86,"column":73}}],"line":86},"8":{"loc":{"start":{"line":92,"column":8},"end":{"line":94,"column":9}},"type":"if","locations":[{"start":{"line":92,"column":8},"end":{"line":94,"column":9}},{"start":{},"end":{}}],"line":92},"9":{"loc":{"start":{"line":104,"column":4},"end":{"line":106,"column":5}},"type":"if","locations":[{"start":{"line":104,"column":4},"end":{"line":106,"column":5}},{"start":{},"end":{}}],"line":104},"10":{"loc":{"start":{"line":104,"column":8},"end":{"line":104,"column":83}},"type":"binary-expr","locations":[{"start":{"line":104,"column":8},"end":{"line":104,"column":15}},{"start":{"line":104,"column":19},"end":{"line":104,"column":33}},{"start":{"line":104,"column":37},"end":{"line":104,"column":46}},{"start":{"line":104,"column":50},"end":{"line":104,"column":61}},{"start":{"line":104,"column":65},"end":{"line":104,"column":83}}],"line":104},"11":{"loc":{"start":{"line":110,"column":8},"end":{"line":112,"column":9}},"type":"if","locations":[{"start":{"line":110,"column":8},"end":{"line":112,"column":9}},{"start":{},"end":{}}],"line":110},"12":{"loc":{"start":{"line":125,"column":6},"end":{"line":127,"column":7}},"type":"if","locations":[{"start":{"line":125,"column":6},"end":{"line":127,"column":7}},{"start":{},"end":{}}],"line":125},"13":{"loc":{"start":{"line":132,"column":6},"end":{"line":134,"column":7}},"type":"if","locations":[{"start":{"line":132,"column":6},"end":{"line":134,"column":7}},{"start":{},"end":{}}],"line":132},"14":{"loc":{"start":{"line":136,"column":6},"end":{"line":149,"column":7}},"type":"if","locations":[{"start":{"line":136,"column":6},"end":{"line":149,"column":7}},{"start":{"line":144,"column":13},"end":{"line":149,"column":7}}],"line":136},"15":{"loc":{"start":{"line":140,"column":8},"end":{"line":142,"column":9}},"type":"if","locations":[{"start":{"line":140,"column":8},"end":{"line":142,"column":9}},{"start":{},"end":{}}],"line":140},"16":{"loc":{"start":{"line":144,"column":13},"end":{"line":149,"column":7}},"type":"if","locations":[{"start":{"line":144,"column":13},"end":{"line":149,"column":7}},{"start":{"line":147,"column":13},"end":{"line":149,"column":7}}],"line":144},"17":{"loc":{"start":{"line":210,"column":8},"end":{"line":212,"column":9}},"type":"if","locations":[{"start":{"line":210,"column":8},"end":{"line":212,"column":9}},{"start":{},"end":{}}],"line":210},"18":{"loc":{"start":{"line":226,"column":6},"end":{"line":228,"column":7}},"type":"if","locations":[{"start":{"line":226,"column":6},"end":{"line":228,"column":7}},{"start":{},"end":{}}],"line":226},"19":{"loc":{"start":{"line":237,"column":6},"end":{"line":239,"column":7}},"type":"if","locations":[{"start":{"line":237,"column":6},"end":{"line":239,"column":7}},{"start":{},"end":{}}],"line":237},"20":{"loc":{"start":{"line":259,"column":8},"end":{"line":262,"column":9}},"type":"if","locations":[{"start":{"line":259,"column":8},"end":{"line":262,"column":9}},{"start":{},"end":{}}],"line":259},"21":{"loc":{"start":{"line":282,"column":8},"end":{"line":284,"column":9}},"type":"if","locations":[{"start":{"line":282,"column":8},"end":{"line":284,"column":9}},{"start":{},"end":{}}],"line":282},"22":{"loc":{"start":{"line":286,"column":8},"end":{"line":288,"column":9}},"type":"if","locations":[{"start":{"line":286,"column":8},"end":{"line":288,"column":9}},{"start":{},"end":{}}],"line":286},"23":{"loc":{"start":{"line":315,"column":4},"end":{"line":317,"column":5}},"type":"if","locations":[{"start":{"line":315,"column":4},"end":{"line":317,"column":5}},{"start":{},"end":{}}],"line":315},"24":{"loc":{"start":{"line":322,"column":4},"end":{"line":324,"column":5}},"type":"if","locations":[{"start":{"line":322,"column":4},"end":{"line":324,"column":5}},{"start":{},"end":{}}],"line":322},"25":{"loc":{"start":{"line":343,"column":0},"end":{"line":347,"column":1}},"type":"if","locations":[{"start":{"line":343,"column":0},"end":{"line":347,"column":1}},{"start":{},"end":{}}],"line":343}},"s":{"0":32,"1":32,"2":32,"3":32,"4":32,"5":32,"6":32,"7":32,"8":32,"9":32,"10":32,"11":32,"12":32,"13":32,"14":32,"15":32,"16":32,"17":32,"18":32,"19":0,"20":0,"21":32,"22":32,"23":0,"24":32,"25":2,"26":2,"27":2,"28":1,"29":1,"30":32,"31":3,"32":3,"33":3,"34":3,"35":1,"36":2,"37":1,"38":1,"39":32,"40":1,"41":1,"42":1,"43":0,"44":0,"45":0,"46":0,"47":1,"48":32,"49":7,"50":7,"51":4,"52":3,"53":3,"54":3,"55":0,"56":3,"57":0,"58":3,"59":32,"60":3,"61":3,"62":2,"63":1,"64":1,"65":1,"66":0,"67":1,"68":0,"69":1,"70":32,"71":12,"72":12,"73":12,"74":12,"75":3,"76":9,"77":4,"78":1,"79":3,"80":2,"81":1,"82":0,"83":1,"84":1,"85":1,"86":0,"87":6,"88":32,"89":1,"90":1,"91":0,"92":1,"93":32,"94":4,"95":4,"96":2,"97":2,"98":32,"99":3,"100":3,"101":3,"102":1,"103":2,"104":32,"105":4,"106":4,"107":4,"108":1,"109":3,"110":32,"111":4,"112":4,"113":2,"114":2,"115":32,"116":2,"117":2,"118":2,"119":0,"120":2,"121":2,"122":32,"123":5,"124":5,"125":5,"126":4,"127":2,"128":2,"129":1,"130":32,"131":3,"132":3,"133":3,"134":3,"135":1,"136":1,"137":0,"138":0,"139":0,"140":0,"141":0,"142":0,"143":0,"144":0,"145":0,"146":0,"147":0,"148":0,"149":2,"150":2,"151":32,"152":32,"153":32,"154":5,"155":5,"156":5,"157":2,"158":0,"159":2,"160":2,"161":0,"162":0,"163":0,"164":3,"165":32,"166":1,"167":1,"168":1,"169":0,"170":1,"171":0,"172":0,"173":0,"174":0,"175":0,"176":1,"177":1,"178":32,"179":0,"180":0,"181":32},"f":{"0":2,"1":3,"2":1,"3":7,"4":3,"5":12,"6":1,"7":4,"8":3,"9":4,"10":4,"11":2,"12":5,"13":3,"14":0,"15":5,"16":1,"17":0},"b":{"0":[32,32],"1":[0,32],"2":[0,32],"3":[1,1],"4":[1,2],"5":[0,0],"6":[4,3],"7":[7,5,4,4,3],"8":[0,3],"9":[2,1],"10":[3,3,1,1,1],"11":[0,1],"12":[3,9],"13":[1,3],"14":[2,1],"15":[0,1],"16":[1,0],"17":[2,2],"18":[1,0],"19":[0,0],"20":[0,0],"21":[0,2],"22":[2,0],"23":[0,1],"24":[0,0],"25":[0,32]},"_coverageSchema":"1a1c01bbd47fc00a2c39e90264f33305004495a9","hash":"49c282a2683e2f74a0cba254107a30d9e7158770"}
,"D:\\Users\\Wits\\Desktop\\FinalTesting\\Backend\\SDProject\\config\\db.js": {"path":"D:\\Users\\Wits\\Desktop\\FinalTesting\\Backend\\SDProject\\config\\db.js","statementMap":{"0":{"start":{"line":1,"column":15},"end":{"line":1,"column":34}},"1":{"start":{"line":2,"column":17},"end":{"line":10,"column":1}},"2":{"start":{"line":3,"column":4},"end":{"line":9,"column":5}},"3":{"start":{"line":4,"column":8},"end":{"line":4,"column":42}},"4":{"start":{"line":5,"column":20},"end":{"line":5,"column":121}},"5":{"start":{"line":6,"column":8},"end":{"line":6,"column":66}},"6":{"start":{"line":8,"column":8},"end":{"line":8,"column":26}},"7":{"start":{"line":11,"column":0},"end":{"line":11,"column":25}}},"fnMap":{"0":{"name":"(anonymous_0)","decl":{"start":{"line":2,"column":17},"end":{"line":2,"column":18}},"loc":{"start":{"line":2,"column":26},"end":{"line":10,"column":1}},"line":2}},"branchMap":{},"s":{"0":32,"1":32,"2":32,"3":32,"4":32,"5":0,"6":1,"7":32},"f":{"0":32},"b":{},"_coverageSchema":"1a1c01bbd47fc00a2c39e90264f33305004495a9","hash":"cd8964ab25e9492ae94b5de09f916d6da4378949"}
,"D:\\Users\\Wits\\Desktop\\FinalTesting\\Backend\\SDProject\\models\\fundApplications.js": {"path":"D:\\Users\\Wits\\Desktop\\FinalTesting\\Backend\\SDProject\\models\\fundApplications.js","statementMap":{"0":{"start":{"line":1,"column":17},"end":{"line":1,"column":36}},"1":{"start":{"line":4,"column":30},"end":{"line":32,"column":2}},"2":{"start":{"line":35,"column":24},"end":{"line":35,"column":81}},"3":{"start":{"line":37,"column":0},"end":{"line":37,"column":33}}},"fnMap":{},"branchMap":{},"s":{"0":32,"1":32,"2":32,"3":32},"f":{},"b":{},"_coverageSchema":"1a1c01bbd47fc00a2c39e90264f33305004495a9","hash":"abc8cdff2d4530ad89d108d719509adc65ef38c5"}
,"D:\\Users\\Wits\\Desktop\\FinalTesting\\Backend\\SDProject\\models\\funds.js": {"path":"D:\\Users\\Wits\\Desktop\\FinalTesting\\Backend\\SDProject\\models\\funds.js","statementMap":{"0":{"start":{"line":1,"column":17},"end":{"line":1,"column":36}},"1":{"start":{"line":4,"column":20},"end":{"line":44,"column":2}},"2":{"start":{"line":47,"column":14},"end":{"line":47,"column":50}},"3":{"start":{"line":49,"column":0},"end":{"line":49,"column":23}}},"fnMap":{},"branchMap":{},"s":{"0":32,"1":32,"2":32,"3":32},"f":{},"b":{},"_coverageSchema":"1a1c01bbd47fc00a2c39e90264f33305004495a9","hash":"7a78dfdefcf967580fbc9d175693b81fd7b96999"}
,"D:\\Users\\Wits\\Desktop\\FinalTesting\\Backend\\SDProject\\models\\managerRequestModel.js": {"path":"D:\\Users\\Wits\\Desktop\\FinalTesting\\Backend\\SDProject\\models\\managerRequestModel.js","statementMap":{"0":{"start":{"line":1,"column":17},"end":{"line":1,"column":36}},"1":{"start":{"line":4,"column":29},"end":{"line":15,"column":2}},"2":{"start":{"line":18,"column":23},"end":{"line":18,"column":77}},"3":{"start":{"line":20,"column":0},"end":{"line":20,"column":32}}},"fnMap":{},"branchMap":{},"s":{"0":31,"1":31,"2":31,"3":31},"f":{},"b":{},"_coverageSchema":"1a1c01bbd47fc00a2c39e90264f33305004495a9","hash":"6ca002e5e60c06f8d72d7288fda747df404d259d"}
,"D:\\Users\\Wits\\Desktop\\FinalTesting\\Backend\\SDProject\\models\\pdfModel.js": {"path":"D:\\Users\\Wits\\Desktop\\FinalTesting\\Backend\\SDProject\\models\\pdfModel.js","statementMap":{"0":{"start":{"line":1,"column":17},"end":{"line":1,"column":36}},"1":{"start":{"line":3,"column":18},"end":{"line":31,"column":2}},"2":{"start":{"line":33,"column":12},"end":{"line":33,"column":44}},"3":{"start":{"line":35,"column":0},"end":{"line":35,"column":21}}},"fnMap":{},"branchMap":{},"s":{"0":32,"1":32,"2":32,"3":32},"f":{},"b":{},"_coverageSchema":"1a1c01bbd47fc00a2c39e90264f33305004495a9","hash":"b798d2531f80984f8b02404f08f14f96d970cf35"}
,"D:\\Users\\Wits\\Desktop\\FinalTesting\\Backend\\SDProject\\models\\userModel.js": {"path":"D:\\Users\\Wits\\Desktop\\FinalTesting\\Backend\\SDProject\\models\\userModel.js","statementMap":{"0":{"start":{"line":1,"column":15},"end":{"line":1,"column":34}},"1":{"start":{"line":2,"column":13},"end":{"line":2,"column":28}},"2":{"start":{"line":3,"column":18},"end":{"line":16,"column":2}},"3":{"start":{"line":17,"column":0},"end":{"line":17,"column":48}}},"fnMap":{},"branchMap":{},"s":{"0":29,"1":29,"2":29,"3":29},"f":{},"b":{},"_coverageSchema":"1a1c01bbd47fc00a2c39e90264f33305004495a9","hash":"1d05dc28a8ae9dbc17f9da33a767814cdf51bc83"}
}
