TN:
SF:app.js
FN:44,(anonymous_0)
FN:53,(anonymous_1)
FN:70,(anonymous_2)
FN:83,(anonymous_3)
FN:101,(anonymous_4)
FN:119,(anonymous_5)
FN:154,(anonymous_6)
FN:162,(anonymous_7)
FN:170,(anonymous_8)
FN:179,(anonymous_9)
FN:188,(anonymous_10)
FN:196,(anonymous_11)
FN:206,(anonymous_12)
FN:218,(anonymous_13)
FN:258,(anonymous_14)
FN:278,(anonymous_15)
FN:311,(anonymous_16)
FN:344,(anonymous_17)
FNF:18
FNH:16
FNDA:2,(anonymous_0)
FNDA:3,(anonymous_1)
FNDA:1,(anonymous_2)
FNDA:7,(anonymous_3)
FNDA:3,(anonymous_4)
FNDA:12,(anonymous_5)
FNDA:1,(anonymous_6)
FNDA:4,(anonymous_7)
FNDA:3,(anonymous_8)
FNDA:4,(anonymous_9)
FNDA:4,(anonymous_10)
FNDA:2,(anonymous_11)
FNDA:5,(anonymous_12)
FNDA:3,(anonymous_13)
FNDA:0,(anonymous_14)
FNDA:5,(anonymous_15)
FNDA:1,(anonymous_16)
FNDA:0,(anonymous_17)
DA:1,32
DA:2,32
DA:3,32
DA:4,32
DA:5,32
DA:6,32
DA:7,32
DA:8,32
DA:9,32
DA:10,32
DA:11,32
DA:12,32
DA:13,32
DA:14,32
DA:15,32
DA:16,32
DA:17,32
DA:19,32
DA:24,32
DA:25,0
DA:26,0
DA:28,32
DA:40,32
DA:41,0
DA:44,32
DA:45,2
DA:46,2
DA:47,2
DA:48,1
DA:50,1
DA:53,32
DA:54,3
DA:56,3
DA:58,3
DA:59,3
DA:60,1
DA:64,2
DA:65,1
DA:67,1
DA:70,32
DA:71,1
DA:72,1
DA:73,1
DA:74,0
DA:75,0
DA:77,0
DA:78,0
DA:80,1
DA:83,32
DA:84,7
DA:86,7
DA:87,4
DA:90,3
DA:91,3
DA:92,3
DA:93,0
DA:95,3
DA:96,0
DA:98,3
DA:101,32
DA:102,3
DA:104,3
DA:105,2
DA:108,1
DA:109,1
DA:110,1
DA:111,0
DA:113,1
DA:114,0
DA:116,1
DA:119,32
DA:120,12
DA:121,12
DA:122,12
DA:125,12
DA:126,3
DA:130,9
DA:132,4
DA:133,1
DA:136,3
DA:138,2
DA:140,1
DA:141,0
DA:143,1
DA:144,1
DA:146,1
DA:148,0
DA:151,6
DA:154,32
DA:155,1
DA:156,1
DA:157,0
DA:159,1
DA:162,32
DA:163,4
DA:164,4
DA:165,2
DA:167,2
DA:170,32
DA:171,3
DA:172,3
DA:173,3
DA:174,1
DA:176,2
DA:179,32
DA:180,4
DA:181,4
DA:182,4
DA:183,1
DA:185,3
DA:188,32
DA:189,4
DA:190,4
DA:191,2
DA:193,2
DA:196,32
DA:197,2
DA:198,2
DA:199,2
DA:200,0
DA:202,2
DA:203,2
DA:206,32
DA:207,5
DA:208,5
DA:209,5
DA:210,4
DA:211,2
DA:213,2
DA:215,1
DA:218,32
DA:219,3
DA:220,3
DA:222,3
DA:224,3
DA:226,1
DA:227,1
DA:231,0
DA:237,0
DA:238,0
DA:240,0
DA:247,0
DA:250,0
DA:258,0
DA:259,0
DA:260,0
DA:261,0
DA:263,0
DA:266,0
DA:268,2
DA:269,2
DA:274,32
DA:275,32
DA:278,32
DA:279,5
DA:280,5
DA:281,5
DA:282,2
DA:283,0
DA:286,2
DA:287,2
DA:291,0
DA:304,0
DA:306,0
DA:308,3
DA:311,32
DA:312,1
DA:314,1
DA:315,1
DA:316,0
DA:320,1
DA:322,0
DA:323,0
DA:327,0
DA:330,0
DA:336,0
DA:338,1
DA:339,1
DA:343,32
DA:344,0
DA:345,0
DA:350,32
LF:182
LH:143
BRDA:4,0,0,32
BRDA:4,0,1,32
BRDA:24,1,0,0
BRDA:24,1,1,32
BRDA:40,2,0,0
BRDA:40,2,1,32
BRDA:47,3,0,1
BRDA:47,3,1,1
BRDA:59,4,0,1
BRDA:59,4,1,2
BRDA:74,5,0,0
BRDA:74,5,1,0
BRDA:86,6,0,4
BRDA:86,6,1,3
BRDA:86,7,0,7
BRDA:86,7,1,5
BRDA:86,7,2,4
BRDA:86,7,3,4
BRDA:86,7,4,3
BRDA:92,8,0,0
BRDA:92,8,1,3
BRDA:104,9,0,2
BRDA:104,9,1,1
BRDA:104,10,0,3
BRDA:104,10,1,3
BRDA:104,10,2,1
BRDA:104,10,3,1
BRDA:104,10,4,1
BRDA:110,11,0,0
BRDA:110,11,1,1
BRDA:125,12,0,3
BRDA:125,12,1,9
BRDA:132,13,0,1
BRDA:132,13,1,3
BRDA:136,14,0,2
BRDA:136,14,1,1
BRDA:140,15,0,0
BRDA:140,15,1,1
BRDA:144,16,0,1
BRDA:144,16,1,0
BRDA:210,17,0,2
BRDA:210,17,1,2
BRDA:226,18,0,1
BRDA:226,18,1,0
BRDA:237,19,0,0
BRDA:237,19,1,0
BRDA:259,20,0,0
BRDA:259,20,1,0
BRDA:282,21,0,0
BRDA:282,21,1,2
BRDA:286,22,0,2
BRDA:286,22,1,0
BRDA:315,23,0,0
BRDA:315,23,1,1
BRDA:322,24,0,0
BRDA:322,24,1,0
BRDA:343,25,0,0
BRDA:343,25,1,32
BRF:58
BRH:39
end_of_record
TN:
SF:config\db.js
FN:2,(anonymous_0)
FNF:1
FNH:1
FNDA:32,(anonymous_0)
DA:1,32
DA:2,32
DA:3,32
DA:4,32
DA:5,32
DA:6,0
DA:8,1
DA:11,32
LF:8
LH:7
BRF:0
BRH:0
end_of_record
TN:
SF:models\fundApplications.js
FNF:0
FNH:0
DA:1,32
DA:4,32
DA:35,32
DA:37,32
LF:4
LH:4
BRF:0
BRH:0
end_of_record
TN:
SF:models\funds.js
FNF:0
FNH:0
DA:1,32
DA:4,32
DA:47,32
DA:49,32
LF:4
LH:4
BRF:0
BRH:0
end_of_record
TN:
SF:models\managerRequestModel.js
FNF:0
FNH:0
DA:1,31
DA:4,31
DA:18,31
DA:20,31
LF:4
LH:4
BRF:0
BRH:0
end_of_record
TN:
SF:models\pdfModel.js
FNF:0
FNH:0
DA:1,32
DA:3,32
DA:33,32
DA:35,32
LF:4
LH:4
BRF:0
BRH:0
end_of_record
TN:
SF:models\userModel.js
FNF:0
FNH:0
DA:1,29
DA:2,29
DA:3,29
DA:17,29
LF:4
LH:4
BRF:0
BRH:0
end_of_record
