TN:
SF:app.js
FN:41,(anonymous_0)
FN:50,(anonymous_1)
FN:67,(anonymous_2)
FN:80,(anonymous_3)
FN:109,(anonymous_4)
FN:120,(anonymous_5)
FNF:6
FNH:3
FNDA:2,(anonymous_0)
FNDA:3,(anonymous_1)
FNDA:0,(anonymous_2)
FNDA:4,(anonymous_3)
FNDA:0,(anonymous_4)
FNDA:0,(anonymous_5)
DA:1,3
DA:2,3
DA:3,3
DA:4,3
DA:5,3
DA:6,3
DA:7,3
DA:8,3
DA:9,3
DA:10,3
DA:11,3
DA:12,3
DA:14,3
DA:19,3
DA:20,0
DA:21,0
DA:25,3
DA:37,3
DA:38,0
DA:41,3
DA:42,2
DA:43,2
DA:44,2
DA:45,1
DA:47,1
DA:50,3
DA:51,3
DA:53,3
DA:55,3
DA:56,3
DA:57,1
DA:61,2
DA:62,1
DA:64,1
DA:67,3
DA:68,0
DA:69,0
DA:70,0
DA:71,0
DA:72,0
DA:74,0
DA:75,0
DA:77,0
DA:80,3
DA:81,4
DA:82,4
DA:83,4
DA:85,4
DA:87,4
DA:88,1
DA:91,3
DA:93,1
DA:95,1
DA:96,0
DA:98,1
DA:99,2
DA:101,1
DA:103,1
DA:106,0
DA:109,3
DA:110,0
DA:111,0
DA:112,0
DA:114,0
DA:118,3
DA:119,0
DA:120,0
DA:121,0
DA:125,3
LF:69
LH:49
BRDA:4,0,0,3
BRDA:4,0,1,3
BRDA:19,1,0,0
BRDA:19,1,1,3
BRDA:37,2,0,0
BRDA:37,2,1,3
BRDA:44,3,0,1
BRDA:44,3,1,1
BRDA:56,4,0,1
BRDA:56,4,1,2
BRDA:71,5,0,0
BRDA:71,5,1,0
BRDA:87,6,0,1
BRDA:87,6,1,3
BRDA:91,7,0,1
BRDA:91,7,1,2
BRDA:95,8,0,0
BRDA:95,8,1,1
BRDA:99,9,0,1
BRDA:99,9,1,1
BRDA:118,10,0,0
BRDA:118,10,1,3
BRDA:119,11,0,0
BRDA:119,11,1,0
BRF:24
BRH:16
end_of_record
TN:
SF:config\db.js
FN:2,(anonymous_0)
FNF:1
FNH:1
FNDA:3,(anonymous_0)
DA:1,3
DA:2,3
DA:3,3
DA:4,3
DA:5,3
DA:6,0
DA:8,0
DA:11,3
LF:8
LH:6
BRF:0
BRH:0
end_of_record
TN:
SF:models\managerRequestModel.js
FNF:0
FNH:0
DA:1,2
DA:4,2
DA:18,2
DA:20,2
LF:4
LH:4
BRF:0
BRH:0
end_of_record
